<?xml version="1.0" encoding="UTF-8"?>
<!-- Generated by org.testng.reporters.JUnitReportReporter -->
<testsuite hostname="DESKTOP-V7J2JDB" failures="0" tests="1" name="raconcepts.Serialization" time="1.284" errors="0" timestamp="2024-02-05T23:03:24 PST" skipped="0">
  <testcase classname="raconcepts.Serialization" name="serialization" time="1.284"/>
</testsuite> <!-- raconcepts.Serialization -->
