<?xml version="1.0" encoding="UTF-8"?>
<!-- Generated by org.testng.reporters.JUnitReportReporter -->
<testsuite hostname="DESKTOP-V7J2JDB" failures="0" tests="3" name="requestSpecification.WithoutDefault" time="0.655" errors="0" timestamp="2024-02-08T01:04:52 PST" skipped="0">
  <testcase classname="requestSpecification.WithoutDefault" name="createAnEmployeeBDD" time="0.605"/>
  <testcase classname="requestSpecification.WithoutDefault" name="getAllEmployees" time="0.035"/>
  <testcase classname="requestSpecification.WithoutDefault" name="getAnEmployees" time="0.015"/>
</testsuite> <!-- requestSpecification.WithoutDefault -->
