<?xml version="1.0" encoding="UTF-8"?>
<!-- Generated by org.testng.reporters.JUnitReportReporter -->
<testsuite hostname="DESKTOP-V7J2JDB" failures="0" tests="2" name="requestSpecification.Default" time="0.589" errors="0" timestamp="2024-02-08T01:08:14 PST" skipped="0">
  <testcase classname="requestSpecification.Default" name="getAllEmployees" time="0.569"/>
  <testcase classname="requestSpecification.Default" name="getAnEmployees" time="0.020"/>
</testsuite> <!-- requestSpecification.Default -->
