<?xml version="1.0" encoding="UTF-8"?>
<!-- Generated by org.testng.reporters.JUnitReportReporter -->
<testsuite hostname="DESKTOP-V7J2JDB" failures="0" tests="1" name="non_bdd.GetAEmployee" time="0.976" errors="0" timestamp="2024-02-05T01:28:49 PST" skipped="0">
  <testcase classname="non_bdd.GetAEmployee" name="getAEmployees" time="0.976"/>
</testsuite> <!-- non_bdd.GetAEmployee -->
