<?xml version="1.0" encoding="UTF-8"?>
<!-- Generated by org.testng.reporters.JUnitReportReporter -->
<testsuite hostname="DESKTOP-V7J2JDB" failures="0" tests="1" name="authentication.APIKeyAuth" time="2.035" errors="0" timestamp="2024-02-08T01:41:59 PST" skipped="0">
  <testcase classname="authentication.APIKeyAuth" name="apikeyauth" time="2.035"/>
</testsuite> <!-- authentication.APIKeyAuth -->
