<?xml version="1.0" encoding="UTF-8"?>
<!-- Generated by org.testng.reporters.JUnitReportReporter -->
<testsuite hostname="DESKTOP-V7J2JDB" failures="0" tests="1" name="jsonpath.Sample1" time="0.053" errors="0" timestamp="2024-02-06T22:28:22 PST" skipped="0">
  <testcase classname="jsonpath.Sample1" name="readjson1" time="0.053"/>
</testsuite> <!-- jsonpath.Sample1 -->
