<?xml version="1.0" encoding="UTF-8"?>
<!-- Generated by org.testng.reporters.JUnitReportReporter -->
<testsuite hostname="DESKTOP-V7J2JDB" failures="0" tests="1" name="non_bdd.UpdateAnEmployee" time="0.997" errors="0" timestamp="2024-02-05T01:12:51 PST" skipped="0">
  <testcase classname="non_bdd.UpdateAnEmployee" name="getAllEmployees" time="0.997"/>
</testsuite> <!-- non_bdd.UpdateAnEmployee -->
