<?xml version="1.0" encoding="UTF-8"?>
<!-- Generated by org.testng.reporters.JUnitReportReporter -->
<testsuite hostname="DESKTOP-V7J2JDB" failures="0" tests="1" name="non_bdd.CreateAnEmployee" time="0.975" errors="0" timestamp="2024-02-05T01:10:11 PST" skipped="0">
  <testcase classname="non_bdd.CreateAnEmployee" name="getAllEmployees" time="0.975"/>
</testsuite> <!-- non_bdd.CreateAnEmployee -->
