<?xml version="1.0" encoding="UTF-8"?>
<!-- Generated by org.testng.reporters.JUnitReportReporter -->
<testsuite hostname="DESKTOP-V7J2JDB" failures="0" tests="1" name="jsonschema_validation.Networknt" time="0.229" errors="0" timestamp="2024-02-06T02:29:49 PST" skipped="0">
  <testcase classname="jsonschema_validation.Networknt" name="networknt" time="0.229"/>
</testsuite> <!-- jsonschema_validation.Networknt -->
