<?xml version="1.0" encoding="UTF-8"?>
<!-- Generated by org.testng.reporters.JUnitReportReporter -->
<testsuite hostname="DESKTOP-V7J2JDB" failures="0" tests="1" name="bdd.CreateAnEmployeeBDD" time="0.985" errors="0" timestamp="2024-02-05T02:03:18 PST" skipped="0">
  <testcase classname="bdd.CreateAnEmployeeBDD" name="createAnEmployeeBDD" time="0.985"/>
</testsuite> <!-- bdd.CreateAnEmployeeBDD -->
