<?xml version="1.0" encoding="UTF-8"?>
<!-- Generated by org.testng.reporters.JUnitReportReporter -->
<testsuite hostname="DESKTOP-V7J2JDB" failures="0" tests="1" name="bdd.GetAllEmployeesBDD" time="0.983" errors="0" timestamp="2024-02-05T01:57:46 PST" skipped="0">
  <testcase classname="bdd.GetAllEmployeesBDD" name="getAllEmployees" time="0.983"/>
</testsuite> <!-- bdd.GetAllEmployeesBDD -->
