<?xml version="1.0" encoding="UTF-8"?>
<!-- Generated by org.testng.reporters.JUnitReportReporter -->
<testsuite hostname="DESKTOP-V7J2JDB" failures="0" tests="1" name="bdd.UpdateAnEmployeeBDD" time="0.996" errors="0" timestamp="2024-02-05T02:06:03 PST" skipped="0">
  <testcase classname="bdd.UpdateAnEmployeeBDD" name="updateAnEmployeeBDD" time="0.996"/>
</testsuite> <!-- bdd.UpdateAnEmployeeBDD -->
