<?xml version="1.0" encoding="UTF-8"?>
<!-- Generated by org.testng.reporters.JUnitReportReporter -->
<testsuite hostname="DESKTOP-V7J2JDB" failures="0" tests="1" name="authentication.BasicAuth" time="3.352" errors="0" timestamp="2024-02-08T01:33:56 PST" skipped="0">
  <testcase classname="authentication.BasicAuth" name="basicauth" time="3.352"/>
</testsuite> <!-- authentication.BasicAuth -->
