<?xml version="1.0" encoding="UTF-8"?>
<!-- Generated by org.testng.reporters.JUnitReportReporter -->
<testsuite hostname="DESKTOP-V7J2JDB" failures="0" tests="2" name="requestSpecification.Simple" time="0.583" errors="0" timestamp="2024-02-08T00:53:23 PST" skipped="0">
  <testcase classname="requestSpecification.Simple" name="getAllEmployees" time="0.567"/>
  <testcase classname="requestSpecification.Simple" name="getAnEmployees" time="0.016"/>
</testsuite> <!-- requestSpecification.Simple -->
