<?xml version="1.0" encoding="UTF-8"?>
<!-- Generated by org.testng.reporters.JUnitReportReporter -->
<testsuite hostname="DESKTOP-V7J2JDB" failures="0" tests="1" name="authentication.BearerToken" time="1.573" errors="0" timestamp="2024-02-08T01:49:32 PST" skipped="0">
  <testcase classname="authentication.BearerToken" name="bearertokenAuth" time="1.573"/>
</testsuite> <!-- authentication.BearerToken -->
