<?xml version="1.0" encoding="UTF-8"?>
<!-- Generated by org.testng.reporters.JUnitReportReporter -->
<testsuite hostname="DESKTOP-V7J2JDB" failures="0" tests="1" name="bdd.GetAnEmployeeBDD" time="0.977" errors="0" timestamp="2024-02-05T02:11:16 PST" skipped="0">
  <testcase classname="bdd.GetAnEmployeeBDD" name="getAnEmployees" time="0.977"/>
</testsuite> <!-- bdd.GetAnEmployeeBDD -->
