<?xml version="1.0" encoding="UTF-8"?>
<!-- Generated by org.testng.reporters.JUnitReportReporter -->
<testsuite hostname="DESKTOP-V7J2JDB" failures="0" tests="1" name="authentication.OAuth2" time="1.690" errors="0" timestamp="2024-02-08T01:52:24 PST" skipped="0">
  <testcase classname="authentication.OAuth2" name="oauth2" time="1.690"/>
</testsuite> <!-- authentication.OAuth2 -->
