<?xml version="1.0" encoding="UTF-8"?>
<!-- Generated by org.testng.reporters.JUnitReportReporter -->
<testsuite hostname="DESKTOP-V7J2JDB" failures="0" tests="1" name="non_bdd.DeleteAnEmployee" time="0.993" errors="0" timestamp="2024-02-05T01:15:28 PST" skipped="0">
  <testcase classname="non_bdd.DeleteAnEmployee" name="deleteAnEmployees" time="0.993"/>
</testsuite> <!-- non_bdd.DeleteAnEmployee -->
