<?xml version="1.0" encoding="UTF-8"?>
<!-- Generated by org.testng.reporters.JUnitReportReporter -->
<testsuite hostname="DESKTOP-V7J2JDB" failures="0" tests="1" name="raconcepts.ExternalPostBody" time="1.020" errors="0" timestamp="2024-02-05T02:45:56 PST" skipped="0">
  <testcase classname="raconcepts.ExternalPostBody" name="createEmployeeFromJsonFile" time="1.020"/>
</testsuite> <!-- raconcepts.ExternalPostBody -->
